<!DOCTYPE html PUBLIC "-//W3C//DTD XHTML 1.1//EN" "https://www.w3.org/TR/xhtml11/DTD/xhtml11.dtd">
<html xmlns="https://www.w3.org/1999/xhtml">
<head>
<meta http-equiv="content-type" content="text/html; charset=UTF-8"/>
<title>TestNG Report</title>
<style type="text/css">table {margin-bottom:10px;border-collapse:collapse;empty-cells:show}th,td {border:1px solid #009;padding:.25em .5em}th {vertical-align:bottom}td {vertical-align:top}table a {font-weight:bold}.stripe td {background-color: #E6EBF9}.num {text-align:right}.passedodd td {background-color: #3F3}.passedeven td {background-color: #0A0}.skippedodd td {background-color: #DDD}.skippedeven td {background-color: #CCC}.failedodd td,.attn {background-color: #F33}.failedeven td,.stripe .attn {background-color: #D00}.stacktrace {white-space:pre;font-family:monospace}.totop {font-size:85%;text-align:center;border-bottom:2px solid #000}.invisible {display:none}</style>
</head>
<body>
<table>
<tr><th>Test</th><th># Passed</th><th># Skipped</th><th># Retried</th><th># Failed</th><th>Time (ms)</th><th>Included Groups</th><th>Excluded Groups</th></tr>
<tr><th colspan="8">Command line suite</th></tr>
<tr><td><a href="#t0">Command line test</a></td><td class="num">1</td><td class="num">0</td><td class="num">0</td><td class="num attn">2</td><td class="num">73,735</td><td></td><td></td></tr>
</table>
<table id='summary'><thead><tr><th>Class</th><th>Method</th><th>Start</th><th>Time (ms)</th></tr></thead><tbody><tr><th colspan="4">Command line suite</th></tr></tbody><tbody id="t0"><tr><th colspan="4">Command line test &#8212; failed</th></tr><tr class="failedeven"><td rowspan="2">gov.uk.visa.check.testsuite.VisaConfirlmationTest</td><td><a href="#m0">aChileanComingToTheUKForWorkAndPlansOnStayingForLongerThanSixMonths</a></td><td rowspan="1">1683828854327</td><td rowspan="1">26848</td></tr><tr class="failedeven"><td><a href="#m1">aColumbianNationalComingToTheUKToJoinAPartnerForALongStayTheyDoHaveAnArticle10Or20Card</a></td><td rowspan="1">1683828884880</td><td rowspan="1">26758</td></tr><tr><th colspan="4">Command line test &#8212; passed</th></tr><tr class="passedeven"><td rowspan="1">gov.uk.visa.check.testsuite.VisaConfirlmationTest</td><td><a href="#m2">anAustralianComingToUkForTourism</a></td><td rowspan="1">1683828915082</td><td rowspan="1">7135</td></tr></tbody>
</table>
<h2>Command line test</h2><h3 id="m0">gov.uk.visa.check.testsuite.VisaConfirlmationTest#aChileanComingToTheUKForWorkAndPlansOnStayingForLongerThanSixMonths</h3><table class="result"><tr><th>Messages</th></tr><tr><td><div class="messages">Click on[[ChromeDriver: chrome on WINDOWS (43c390629749871b61145503871c6eb2)] -> xpath: //a[@class='gem-c-button govuk-button govuk-button--start']]<br/>Accept cookies[[ChromeDriver: chrome on WINDOWS (43c390629749871b61145503871c6eb2)] -> xpath: //button[contains(text(),'Accept additional cookies')]]<br/>Select Nationality[[ChromeDriver: chrome on WINDOWS (43c390629749871b61145503871c6eb2)] -> xpath: //select[@name='response']]<br/>Click on[[ChromeDriver: chrome on WINDOWS (43c390629749871b61145503871c6eb2)] -> xpath: //*[@id="current-question"]/button]<br/>Select reason[[ChromeDriver: chrome on WINDOWS (43c390629749871b61145503871c6eb2)] -> xpath: //*[@id="current-question"]/div/fieldset/div/div[1]/label]<br/>Click on[[ChromeDriver: chrome on WINDOWS (43c390629749871b61145503871c6eb2)] -> xpath: //button[@class='gem-c-button govuk-button gem-c-button--bottom-margin']]</div></td></tr><tr><th>Exception</th></tr><tr><td><div class="stacktrace">org.openqa.selenium.NoSuchElementException: no such element: Unable to locate element: {&quot;method&quot;:&quot;xpath&quot;,&quot;selector&quot;:&quot;//input[@value=&apos;longer_than_six_months&apos;]&quot;}
  (Session info: chrome=113.0.5672.93)
For documentation on this error, please visit: https://selenium.dev/exceptions/#no_such_element
Build info: version: &apos;4.9.0&apos;, revision: &apos;d7057100a6&apos;
System info: os.name: &apos;Windows 11&apos;, os.arch: &apos;amd64&apos;, os.version: &apos;10.0&apos;, java.version: &apos;1.8.0_362&apos;
Driver info: org.openqa.selenium.chrome.ChromeDriver
Command: [43c390629749871b61145503871c6eb2, findElement {using=xpath, value=//input[@value=&apos;longer_than_six_months&apos;]}]
Capabilities {acceptInsecureCerts: false, browserName: chrome, browserVersion: 113.0.5672.93, chrome: {chromedriverVersion: 113.0.5672.63 (0e1a4471d5ae..., userDataDir: C:\Users\patel\AppData\Loca...}, goog:chromeOptions: {debuggerAddress: localhost:60148}, networkConnectionEnabled: false, pageLoadStrategy: normal, platformName: WINDOWS, proxy: Proxy(), se:cdp: ws://localhost:60148/devtoo..., se:cdpVersion: 113.0.5672.93, setWindowRect: true, strictFileInteractability: false, timeouts: {implicit: 0, pageLoad: 300000, script: 30000}, unhandledPromptBehavior: dismiss and notify, webauthn:extension:credBlob: true, webauthn:extension:largeBlob: true, webauthn:extension:minPinLength: true, webauthn:extension:prf: true, webauthn:virtualAuthenticators: true}
Session ID: 43c390629749871b61145503871c6eb2
	at org.openqa.selenium.remote.codec.w3c.W3CHttpResponseCodec.createException(W3CHttpResponseCodec.java:200)
	at org.openqa.selenium.remote.codec.w3c.W3CHttpResponseCodec.decode(W3CHttpResponseCodec.java:133)
	at org.openqa.selenium.remote.codec.w3c.W3CHttpResponseCodec.decode(W3CHttpResponseCodec.java:53)
	at org.openqa.selenium.remote.HttpCommandExecutor.execute(HttpCommandExecutor.java:193)
	at org.openqa.selenium.remote.service.DriverCommandExecutor.invokeExecute(DriverCommandExecutor.java:183)
	at org.openqa.selenium.remote.service.DriverCommandExecutor.execute(DriverCommandExecutor.java:158)
	at org.openqa.selenium.remote.RemoteWebDriver.execute(RemoteWebDriver.java:543)
	at org.openqa.selenium.remote.ElementLocation$ElementFinder$2.findElement(ElementLocation.java:162)
	at org.openqa.selenium.remote.ElementLocation.findElement(ElementLocation.java:60)
	at org.openqa.selenium.remote.RemoteWebDriver.findElement(RemoteWebDriver.java:352)
	at org.openqa.selenium.remote.RemoteWebDriver.findElement(RemoteWebDriver.java:344)
	at org.openqa.selenium.support.pagefactory.DefaultElementLocator.findElement(DefaultElementLocator.java:70)
	at org.openqa.selenium.support.pagefactory.internal.LocatingElementHandler.invoke(LocatingElementHandler.java:39)
	at com.sun.proxy.$Proxy15.click(Unknown Source)
	at gov.uk.visa.check.pages.DurationOfStayPage.selectLenghtOfStay(DurationOfStayPage.java:30)
	at gov.uk.visa.check.testsuite.VisaConfirlmationTest.aChileanComingToTheUKForWorkAndPlansOnStayingForLongerThanSixMonths(VisaConfirlmationTest.java:59)
	at java.util.ArrayList.forEach(ArrayList.java:1259)
... Removed 41 stack frames</div></td></tr></table><p class="totop"><a href="#summary">back to summary</a></p>
<h3 id="m1">gov.uk.visa.check.testsuite.VisaConfirlmationTest#aColumbianNationalComingToTheUKToJoinAPartnerForALongStayTheyDoHaveAnArticle10Or20Card</h3><table class="result"><tr><th>Messages</th></tr><tr><td><div class="messages">Click on[[ChromeDriver: chrome on WINDOWS (7ea19acb4964d9247d0fddec1d3e267d)] -> xpath: //a[@class='gem-c-button govuk-button govuk-button--start']]<br/>Accept cookies[[ChromeDriver: chrome on WINDOWS (7ea19acb4964d9247d0fddec1d3e267d)] -> xpath: //button[contains(text(),'Accept additional cookies')]]<br/>Select Nationality[[ChromeDriver: chrome on WINDOWS (7ea19acb4964d9247d0fddec1d3e267d)] -> xpath: //select[@name='response']]<br/>Click on[[ChromeDriver: chrome on WINDOWS (7ea19acb4964d9247d0fddec1d3e267d)] -> xpath: //*[@id="current-question"]/button]<br/>Select reason[[ChromeDriver: chrome on WINDOWS (7ea19acb4964d9247d0fddec1d3e267d)] -> xpath: //*[@id="current-question"]/div/fieldset/div/div[1]/label]<br/>Click on[[ChromeDriver: chrome on WINDOWS (7ea19acb4964d9247d0fddec1d3e267d)] -> xpath: //button[@class='gem-c-button govuk-button gem-c-button--bottom-margin']]</div></td></tr><tr><th>Exception</th></tr><tr><td><div class="stacktrace">org.openqa.selenium.NoSuchElementException: no such element: Unable to locate element: {&quot;method&quot;:&quot;xpath&quot;,&quot;selector&quot;:&quot;//h2[contains(text(),&apos;You need a visa to work in health and care&apos;)]&quot;}
  (Session info: chrome=113.0.5672.93)
For documentation on this error, please visit: https://selenium.dev/exceptions/#no_such_element
Build info: version: &apos;4.9.0&apos;, revision: &apos;d7057100a6&apos;
System info: os.name: &apos;Windows 11&apos;, os.arch: &apos;amd64&apos;, os.version: &apos;10.0&apos;, java.version: &apos;1.8.0_362&apos;
Driver info: org.openqa.selenium.chrome.ChromeDriver
Command: [7ea19acb4964d9247d0fddec1d3e267d, findElement {using=xpath, value=//h2[contains(text(),&apos;You need a visa to work in health and care&apos;)]}]
Capabilities {acceptInsecureCerts: false, browserName: chrome, browserVersion: 113.0.5672.93, chrome: {chromedriverVersion: 113.0.5672.63 (0e1a4471d5ae..., userDataDir: C:\Users\patel\AppData\Loca...}, goog:chromeOptions: {debuggerAddress: localhost:60180}, networkConnectionEnabled: false, pageLoadStrategy: normal, platformName: WINDOWS, proxy: Proxy(), se:cdp: ws://localhost:60180/devtoo..., se:cdpVersion: 113.0.5672.93, setWindowRect: true, strictFileInteractability: false, timeouts: {implicit: 0, pageLoad: 300000, script: 30000}, unhandledPromptBehavior: dismiss and notify, webauthn:extension:credBlob: true, webauthn:extension:largeBlob: true, webauthn:extension:minPinLength: true, webauthn:extension:prf: true, webauthn:virtualAuthenticators: true}
Session ID: 7ea19acb4964d9247d0fddec1d3e267d
	at org.openqa.selenium.remote.codec.w3c.W3CHttpResponseCodec.createException(W3CHttpResponseCodec.java:200)
	at org.openqa.selenium.remote.codec.w3c.W3CHttpResponseCodec.decode(W3CHttpResponseCodec.java:133)
	at org.openqa.selenium.remote.codec.w3c.W3CHttpResponseCodec.decode(W3CHttpResponseCodec.java:53)
	at org.openqa.selenium.remote.HttpCommandExecutor.execute(HttpCommandExecutor.java:193)
	at org.openqa.selenium.remote.service.DriverCommandExecutor.invokeExecute(DriverCommandExecutor.java:183)
	at org.openqa.selenium.remote.service.DriverCommandExecutor.execute(DriverCommandExecutor.java:158)
	at org.openqa.selenium.remote.RemoteWebDriver.execute(RemoteWebDriver.java:543)
	at org.openqa.selenium.remote.ElementLocation$ElementFinder$2.findElement(ElementLocation.java:162)
	at org.openqa.selenium.remote.ElementLocation.findElement(ElementLocation.java:60)
	at org.openqa.selenium.remote.RemoteWebDriver.findElement(RemoteWebDriver.java:352)
	at org.openqa.selenium.remote.RemoteWebDriver.findElement(RemoteWebDriver.java:344)
	at org.openqa.selenium.support.pagefactory.DefaultElementLocator.findElement(DefaultElementLocator.java:70)
	at org.openqa.selenium.support.pagefactory.internal.LocatingElementHandler.invoke(LocatingElementHandler.java:39)
	at com.sun.proxy.$Proxy15.getText(Unknown Source)
	at gov.uk.visa.check.utility.Utility.getTextFromElement(Utility.java:65)
	at gov.uk.visa.check.pages.ResultPage.confirmResultMessage(ResultPage.java:29)
	at gov.uk.visa.check.testsuite.VisaConfirlmationTest.aColumbianNationalComingToTheUKToJoinAPartnerForALongStayTheyDoHaveAnArticle10Or20Card(VisaConfirlmationTest.java:77)
	at java.util.ArrayList.forEach(ArrayList.java:1259)
... Removed 41 stack frames</div></td></tr></table><p class="totop"><a href="#summary">back to summary</a></p>
<h3 id="m2">gov.uk.visa.check.testsuite.VisaConfirlmationTest#anAustralianComingToUkForTourism</h3><table class="result"><tr><th>Messages</th></tr><tr><td><div class="messages">Click on[[ChromeDriver: chrome on WINDOWS (383c31dccf90e51fbad4995cfac7389e)] -> xpath: //a[@class='gem-c-button govuk-button govuk-button--start']]<br/>Accept cookies[[ChromeDriver: chrome on WINDOWS (383c31dccf90e51fbad4995cfac7389e)] -> xpath: //button[contains(text(),'Accept additional cookies')]]<br/>Select Nationality[[ChromeDriver: chrome on WINDOWS (383c31dccf90e51fbad4995cfac7389e)] -> xpath: //select[@name='response']]<br/>Click on[[ChromeDriver: chrome on WINDOWS (383c31dccf90e51fbad4995cfac7389e)] -> xpath: //*[@id="current-question"]/button]<br/>Select reason[[ChromeDriver: chrome on WINDOWS (383c31dccf90e51fbad4995cfac7389e)] -> xpath: //*[@id="current-question"]/div/fieldset/div/div[1]/label]<br/>Click on[[ChromeDriver: chrome on WINDOWS (383c31dccf90e51fbad4995cfac7389e)] -> xpath: //button[@class='gem-c-button govuk-button gem-c-button--bottom-margin']]<br/>Verify text[[ChromeDriver: chrome on WINDOWS (383c31dccf90e51fbad4995cfac7389e)] -> xpath: //h2[@class='gem-c-heading gem-c-heading--font-size-27 govuk-!-margin-bottom-6']]</div></td></tr></table><p class="totop"><a href="#summary">back to summary</a></p>
</body>
</html>
