<?xml version="1.0" encoding="UTF-8"?>
<testng-results skipped="0" failed="2" ignored="0" total="3" passed="1">
  <reporter-output>
    <line>
      <![CDATA[Click on[[ChromeDriver: chrome on WINDOWS (43c390629749871b61145503871c6eb2)] -> xpath: //a[@class='gem-c-button govuk-button govuk-button--start']]]]>
    </line>
    <line>
      <![CDATA[Accept cookies[[ChromeDriver: chrome on WINDOWS (43c390629749871b61145503871c6eb2)] -> xpath: //button[contains(text(),'Accept additional cookies')]]]]>
    </line>
    <line>
      <![CDATA[Select Nationality[[ChromeDriver: chrome on WINDOWS (43c390629749871b61145503871c6eb2)] -> xpath: //select[@name='response']]]]>
    </line>
    <line>
      <![CDATA[Click on[[ChromeDriver: chrome on WINDOWS (43c390629749871b61145503871c6eb2)] -> xpath: //*[@id="current-question"]/button]]]>
    </line>
    <line>
      <![CDATA[Select reason[[ChromeDriver: chrome on WINDOWS (43c390629749871b61145503871c6eb2)] -> xpath: //*[@id="current-question"]/div/fieldset/div/div[1]/label]]]>
    </line>
    <line>
      <![CDATA[Click on[[ChromeDriver: chrome on WINDOWS (43c390629749871b61145503871c6eb2)] -> xpath: //button[@class='gem-c-button govuk-button gem-c-button--bottom-margin']]]]>
    </line>
    <line>
      <![CDATA[Click on[[ChromeDriver: chrome on WINDOWS (7ea19acb4964d9247d0fddec1d3e267d)] -> xpath: //a[@class='gem-c-button govuk-button govuk-button--start']]]]>
    </line>
    <line>
      <![CDATA[Accept cookies[[ChromeDriver: chrome on WINDOWS (7ea19acb4964d9247d0fddec1d3e267d)] -> xpath: //button[contains(text(),'Accept additional cookies')]]]]>
    </line>
    <line>
      <![CDATA[Select Nationality[[ChromeDriver: chrome on WINDOWS (7ea19acb4964d9247d0fddec1d3e267d)] -> xpath: //select[@name='response']]]]>
    </line>
    <line>
      <![CDATA[Click on[[ChromeDriver: chrome on WINDOWS (7ea19acb4964d9247d0fddec1d3e267d)] -> xpath: //*[@id="current-question"]/button]]]>
    </line>
    <line>
      <![CDATA[Select reason[[ChromeDriver: chrome on WINDOWS (7ea19acb4964d9247d0fddec1d3e267d)] -> xpath: //*[@id="current-question"]/div/fieldset/div/div[1]/label]]]>
    </line>
    <line>
      <![CDATA[Click on[[ChromeDriver: chrome on WINDOWS (7ea19acb4964d9247d0fddec1d3e267d)] -> xpath: //button[@class='gem-c-button govuk-button gem-c-button--bottom-margin']]]]>
    </line>
    <line>
      <![CDATA[Click on[[ChromeDriver: chrome on WINDOWS (383c31dccf90e51fbad4995cfac7389e)] -> xpath: //a[@class='gem-c-button govuk-button govuk-button--start']]]]>
    </line>
    <line>
      <![CDATA[Accept cookies[[ChromeDriver: chrome on WINDOWS (383c31dccf90e51fbad4995cfac7389e)] -> xpath: //button[contains(text(),'Accept additional cookies')]]]]>
    </line>
    <line>
      <![CDATA[Select Nationality[[ChromeDriver: chrome on WINDOWS (383c31dccf90e51fbad4995cfac7389e)] -> xpath: //select[@name='response']]]]>
    </line>
    <line>
      <![CDATA[Click on[[ChromeDriver: chrome on WINDOWS (383c31dccf90e51fbad4995cfac7389e)] -> xpath: //*[@id="current-question"]/button]]]>
    </line>
    <line>
      <![CDATA[Select reason[[ChromeDriver: chrome on WINDOWS (383c31dccf90e51fbad4995cfac7389e)] -> xpath: //*[@id="current-question"]/div/fieldset/div/div[1]/label]]]>
    </line>
    <line>
      <![CDATA[Click on[[ChromeDriver: chrome on WINDOWS (383c31dccf90e51fbad4995cfac7389e)] -> xpath: //button[@class='gem-c-button govuk-button gem-c-button--bottom-margin']]]]>
    </line>
    <line>
      <![CDATA[Verify text[[ChromeDriver: chrome on WINDOWS (383c31dccf90e51fbad4995cfac7389e)] -> xpath: //h2[@class='gem-c-heading gem-c-heading--font-size-27 govuk-!-margin-bottom-6']]]]>
    </line>
  </reporter-output>
  <suite name="Command line suite" duration-ms="73735" started-at="2023-05-11T19:14:09 BST" finished-at="2023-05-11T19:15:22 BST">
    <groups>
      <group name="regression">
        <method signature="VisaConfirlmationTest.aChileanComingToTheUKForWorkAndPlansOnStayingForLongerThanSixMonths()[pri:0, instance:gov.uk.visa.check.testsuite.VisaConfirlmationTest@3d921e20]" name="aChileanComingToTheUKForWorkAndPlansOnStayingForLongerThanSixMonths" class="gov.uk.visa.check.testsuite.VisaConfirlmationTest"/>
        <method signature="VisaConfirlmationTest.aColumbianNationalComingToTheUKToJoinAPartnerForALongStayTheyDoHaveAnArticle10Or20Card()[pri:0, instance:gov.uk.visa.check.testsuite.VisaConfirlmationTest@3d921e20]" name="aColumbianNationalComingToTheUKToJoinAPartnerForALongStayTheyDoHaveAnArticle10Or20Card" class="gov.uk.visa.check.testsuite.VisaConfirlmationTest"/>
        <method signature="VisaConfirlmationTest.anAustralianComingToUkForTourism()[pri:0, instance:gov.uk.visa.check.testsuite.VisaConfirlmationTest@3d921e20]" name="anAustralianComingToUkForTourism" class="gov.uk.visa.check.testsuite.VisaConfirlmationTest"/>
      </group> <!-- regression -->
      <group name="smoke">
        <method signature="VisaConfirlmationTest.aChileanComingToTheUKForWorkAndPlansOnStayingForLongerThanSixMonths()[pri:0, instance:gov.uk.visa.check.testsuite.VisaConfirlmationTest@3d921e20]" name="aChileanComingToTheUKForWorkAndPlansOnStayingForLongerThanSixMonths" class="gov.uk.visa.check.testsuite.VisaConfirlmationTest"/>
      </group> <!-- smoke -->
      <group name="sanity">
        <method signature="VisaConfirlmationTest.anAustralianComingToUkForTourism()[pri:0, instance:gov.uk.visa.check.testsuite.VisaConfirlmationTest@3d921e20]" name="anAustralianComingToUkForTourism" class="gov.uk.visa.check.testsuite.VisaConfirlmationTest"/>
      </group> <!-- sanity -->
    </groups>
    <test name="Command line test" duration-ms="73735" started-at="2023-05-11T19:14:09 BST" finished-at="2023-05-11T19:15:22 BST">
      <class name="gov.uk.visa.check.testsuite.VisaConfirlmationTest">
        <test-method status="PASS" signature="setUp()[pri:0, instance:gov.uk.visa.check.testsuite.VisaConfirlmationTest@3d921e20]" name="setUp" is-config="true" duration-ms="4900" started-at="2023-05-11T19:14:09 BST" finished-at="2023-05-11T19:14:14 BST">
          <reporter-output>
          </reporter-output>
        </test-method> <!-- setUp -->
        <test-method status="PASS" signature="inIT()[pri:0, instance:gov.uk.visa.check.testsuite.VisaConfirlmationTest@3d921e20]" name="inIT" is-config="true" duration-ms="19" started-at="2023-05-11T19:14:14 BST" finished-at="2023-05-11T19:14:14 BST">
          <reporter-output>
          </reporter-output>
        </test-method> <!-- inIT -->
        <test-method status="FAIL" signature="aChileanComingToTheUKForWorkAndPlansOnStayingForLongerThanSixMonths()[pri:0, instance:gov.uk.visa.check.testsuite.VisaConfirlmationTest@3d921e20]" name="aChileanComingToTheUKForWorkAndPlansOnStayingForLongerThanSixMonths" duration-ms="26848" started-at="2023-05-11T19:14:14 BST" finished-at="2023-05-11T19:14:41 BST">
          <exception class="org.openqa.selenium.NoSuchElementException">
            <message>
              <![CDATA[no such element: Unable to locate element: {"method":"xpath","selector":"//input[@value='longer_than_six_months']"}
  (Session info: chrome=113.0.5672.93)
For documentation on this error, please visit: https://selenium.dev/exceptions/#no_such_element
Build info: version: '4.9.0', revision: 'd7057100a6'
System info: os.name: 'Windows 11', os.arch: 'amd64', os.version: '10.0', java.version: '1.8.0_362'
Driver info: org.openqa.selenium.chrome.ChromeDriver
Command: [43c390629749871b61145503871c6eb2, findElement {using=xpath, value=//input[@value='longer_than_six_months']}]
Capabilities {acceptInsecureCerts: false, browserName: chrome, browserVersion: 113.0.5672.93, chrome: {chromedriverVersion: 113.0.5672.63 (0e1a4471d5ae..., userDataDir: C:\Users\patel\AppData\Loca...}, goog:chromeOptions: {debuggerAddress: localhost:60148}, networkConnectionEnabled: false, pageLoadStrategy: normal, platformName: WINDOWS, proxy: Proxy(), se:cdp: ws://localhost:60148/devtoo..., se:cdpVersion: 113.0.5672.93, setWindowRect: true, strictFileInteractability: false, timeouts: {implicit: 0, pageLoad: 300000, script: 30000}, unhandledPromptBehavior: dismiss and notify, webauthn:extension:credBlob: true, webauthn:extension:largeBlob: true, webauthn:extension:minPinLength: true, webauthn:extension:prf: true, webauthn:virtualAuthenticators: true}
Session ID: 43c390629749871b61145503871c6eb2]]>
            </message>
            <full-stacktrace>
              <![CDATA[org.openqa.selenium.NoSuchElementException: no such element: Unable to locate element: {"method":"xpath","selector":"//input[@value='longer_than_six_months']"}
  (Session info: chrome=113.0.5672.93)
For documentation on this error, please visit: https://selenium.dev/exceptions/#no_such_element
Build info: version: '4.9.0', revision: 'd7057100a6'
System info: os.name: 'Windows 11', os.arch: 'amd64', os.version: '10.0', java.version: '1.8.0_362'
Driver info: org.openqa.selenium.chrome.ChromeDriver
Command: [43c390629749871b61145503871c6eb2, findElement {using=xpath, value=//input[@value='longer_than_six_months']}]
Capabilities {acceptInsecureCerts: false, browserName: chrome, browserVersion: 113.0.5672.93, chrome: {chromedriverVersion: 113.0.5672.63 (0e1a4471d5ae..., userDataDir: C:\Users\patel\AppData\Loca...}, goog:chromeOptions: {debuggerAddress: localhost:60148}, networkConnectionEnabled: false, pageLoadStrategy: normal, platformName: WINDOWS, proxy: Proxy(), se:cdp: ws://localhost:60148/devtoo..., se:cdpVersion: 113.0.5672.93, setWindowRect: true, strictFileInteractability: false, timeouts: {implicit: 0, pageLoad: 300000, script: 30000}, unhandledPromptBehavior: dismiss and notify, webauthn:extension:credBlob: true, webauthn:extension:largeBlob: true, webauthn:extension:minPinLength: true, webauthn:extension:prf: true, webauthn:virtualAuthenticators: true}
Session ID: 43c390629749871b61145503871c6eb2
at sun.reflect.NativeConstructorAccessorImpl.newInstance0(Native Method)
at sun.reflect.NativeConstructorAccessorImpl.newInstance(NativeConstructorAccessorImpl.java:62)
at sun.reflect.DelegatingConstructorAccessorImpl.newInstance(DelegatingConstructorAccessorImpl.java:45)
at java.lang.reflect.Constructor.newInstance(Constructor.java:423)
at org.openqa.selenium.remote.codec.w3c.W3CHttpResponseCodec.createException(W3CHttpResponseCodec.java:200)
at org.openqa.selenium.remote.codec.w3c.W3CHttpResponseCodec.decode(W3CHttpResponseCodec.java:133)
at org.openqa.selenium.remote.codec.w3c.W3CHttpResponseCodec.decode(W3CHttpResponseCodec.java:53)
at org.openqa.selenium.remote.HttpCommandExecutor.execute(HttpCommandExecutor.java:193)
at org.openqa.selenium.remote.service.DriverCommandExecutor.invokeExecute(DriverCommandExecutor.java:183)
at org.openqa.selenium.remote.service.DriverCommandExecutor.execute(DriverCommandExecutor.java:158)
at org.openqa.selenium.remote.RemoteWebDriver.execute(RemoteWebDriver.java:543)
at org.openqa.selenium.remote.ElementLocation$ElementFinder$2.findElement(ElementLocation.java:162)
at org.openqa.selenium.remote.ElementLocation.findElement(ElementLocation.java:60)
at org.openqa.selenium.remote.RemoteWebDriver.findElement(RemoteWebDriver.java:352)
at org.openqa.selenium.remote.RemoteWebDriver.findElement(RemoteWebDriver.java:344)
at org.openqa.selenium.support.pagefactory.DefaultElementLocator.findElement(DefaultElementLocator.java:70)
at org.openqa.selenium.support.pagefactory.internal.LocatingElementHandler.invoke(LocatingElementHandler.java:39)
at com.sun.proxy.$Proxy15.click(Unknown Source)
at gov.uk.visa.check.pages.DurationOfStayPage.selectLenghtOfStay(DurationOfStayPage.java:30)
at gov.uk.visa.check.testsuite.VisaConfirlmationTest.aChileanComingToTheUKForWorkAndPlansOnStayingForLongerThanSixMonths(VisaConfirlmationTest.java:59)
at sun.reflect.NativeMethodAccessorImpl.invoke0(Native Method)
at sun.reflect.NativeMethodAccessorImpl.invoke(NativeMethodAccessorImpl.java:62)
at sun.reflect.DelegatingMethodAccessorImpl.invoke(DelegatingMethodAccessorImpl.java:43)
at java.lang.reflect.Method.invoke(Method.java:498)
at org.testng.internal.invokers.MethodInvocationHelper.invokeMethod(MethodInvocationHelper.java:135)
at org.testng.internal.invokers.TestInvoker.invokeMethod(TestInvoker.java:673)
at org.testng.internal.invokers.TestInvoker.invokeTestMethod(TestInvoker.java:220)
at org.testng.internal.invokers.MethodRunner.runInSequence(MethodRunner.java:50)
at org.testng.internal.invokers.TestInvoker$MethodInvocationAgent.invoke(TestInvoker.java:945)
at org.testng.internal.invokers.TestInvoker.invokeTestMethods(TestInvoker.java:193)
at org.testng.internal.invokers.TestMethodWorker.invokeTestMethods(TestMethodWorker.java:146)
at org.testng.internal.invokers.TestMethodWorker.run(TestMethodWorker.java:128)
at java.util.ArrayList.forEach(ArrayList.java:1259)
at org.testng.TestRunner.privateRun(TestRunner.java:808)
at org.testng.TestRunner.run(TestRunner.java:603)
at org.testng.SuiteRunner.runTest(SuiteRunner.java:429)
at org.testng.SuiteRunner.runSequentially(SuiteRunner.java:423)
at org.testng.SuiteRunner.privateRun(SuiteRunner.java:383)
at org.testng.SuiteRunner.run(SuiteRunner.java:326)
at org.testng.SuiteRunnerWorker.runSuite(SuiteRunnerWorker.java:52)
at org.testng.SuiteRunnerWorker.run(SuiteRunnerWorker.java:95)
at org.testng.TestNG.runSuitesSequentially(TestNG.java:1249)
at org.testng.TestNG.runSuitesLocally(TestNG.java:1169)
at org.testng.TestNG.runSuites(TestNG.java:1092)
at org.testng.TestNG.run(TestNG.java:1060)
at org.apache.maven.surefire.testng.TestNGExecutor.run(TestNGExecutor.java:77)
at org.apache.maven.surefire.testng.TestNGDirectoryTestSuite.executeMulti(TestNGDirectoryTestSuite.java:159)
at org.apache.maven.surefire.testng.TestNGDirectoryTestSuite.execute(TestNGDirectoryTestSuite.java:99)
at org.apache.maven.surefire.testng.TestNGProvider.invoke(TestNGProvider.java:106)
at sun.reflect.NativeMethodAccessorImpl.invoke0(Native Method)
at sun.reflect.NativeMethodAccessorImpl.invoke(NativeMethodAccessorImpl.java:62)
at sun.reflect.DelegatingMethodAccessorImpl.invoke(DelegatingMethodAccessorImpl.java:43)
at java.lang.reflect.Method.invoke(Method.java:498)
at org.apache.maven.surefire.util.ReflectionUtils.invokeMethodWithArray(ReflectionUtils.java:189)
at org.apache.maven.surefire.booter.ProviderFactory$ProviderProxy.invoke(ProviderFactory.java:165)
at org.apache.maven.surefire.booter.ProviderFactory.invokeProvider(ProviderFactory.java:85)
at org.apache.maven.surefire.booter.ForkedBooter.runSuitesInProcess(ForkedBooter.java:115)
at org.apache.maven.surefire.booter.ForkedBooter.main(ForkedBooter.java:75)
]]>
            </full-stacktrace>
          </exception> <!-- org.openqa.selenium.NoSuchElementException -->
          <reporter-output>
            <line>
              <![CDATA[Click on[[ChromeDriver: chrome on WINDOWS (43c390629749871b61145503871c6eb2)] -> xpath: //a[@class='gem-c-button govuk-button govuk-button--start']]]]>
            </line>
            <line>
              <![CDATA[Accept cookies[[ChromeDriver: chrome on WINDOWS (43c390629749871b61145503871c6eb2)] -> xpath: //button[contains(text(),'Accept additional cookies')]]]]>
            </line>
            <line>
              <![CDATA[Select Nationality[[ChromeDriver: chrome on WINDOWS (43c390629749871b61145503871c6eb2)] -> xpath: //select[@name='response']]]]>
            </line>
            <line>
              <![CDATA[Click on[[ChromeDriver: chrome on WINDOWS (43c390629749871b61145503871c6eb2)] -> xpath: //*[@id="current-question"]/button]]]>
            </line>
            <line>
              <![CDATA[Select reason[[ChromeDriver: chrome on WINDOWS (43c390629749871b61145503871c6eb2)] -> xpath: //*[@id="current-question"]/div/fieldset/div/div[1]/label]]]>
            </line>
            <line>
              <![CDATA[Click on[[ChromeDriver: chrome on WINDOWS (43c390629749871b61145503871c6eb2)] -> xpath: //button[@class='gem-c-button govuk-button gem-c-button--bottom-margin']]]]>
            </line>
          </reporter-output>
        </test-method> <!-- aChileanComingToTheUKForWorkAndPlansOnStayingForLongerThanSixMonths -->
        <test-method status="PASS" signature="tearDown()[pri:0, instance:gov.uk.visa.check.testsuite.VisaConfirlmationTest@3d921e20]" name="tearDown" is-config="true" duration-ms="705" started-at="2023-05-11T19:14:41 BST" finished-at="2023-05-11T19:14:42 BST">
          <reporter-output>
          </reporter-output>
        </test-method> <!-- tearDown -->
        <test-method status="PASS" signature="setUp()[pri:0, instance:gov.uk.visa.check.testsuite.VisaConfirlmationTest@3d921e20]" name="setUp" is-config="true" duration-ms="2795" started-at="2023-05-11T19:14:42 BST" finished-at="2023-05-11T19:14:44 BST">
          <reporter-output>
          </reporter-output>
        </test-method> <!-- setUp -->
        <test-method status="PASS" signature="inIT()[pri:0, instance:gov.uk.visa.check.testsuite.VisaConfirlmationTest@3d921e20]" name="inIT" is-config="true" duration-ms="1" started-at="2023-05-11T19:14:44 BST" finished-at="2023-05-11T19:14:44 BST">
          <reporter-output>
          </reporter-output>
        </test-method> <!-- inIT -->
        <test-method status="FAIL" signature="aColumbianNationalComingToTheUKToJoinAPartnerForALongStayTheyDoHaveAnArticle10Or20Card()[pri:0, instance:gov.uk.visa.check.testsuite.VisaConfirlmationTest@3d921e20]" name="aColumbianNationalComingToTheUKToJoinAPartnerForALongStayTheyDoHaveAnArticle10Or20Card" duration-ms="26758" started-at="2023-05-11T19:14:44 BST" finished-at="2023-05-11T19:15:11 BST">
          <exception class="org.openqa.selenium.NoSuchElementException">
            <message>
              <![CDATA[no such element: Unable to locate element: {"method":"xpath","selector":"//h2[contains(text(),'You need a visa to work in health and care')]"}
  (Session info: chrome=113.0.5672.93)
For documentation on this error, please visit: https://selenium.dev/exceptions/#no_such_element
Build info: version: '4.9.0', revision: 'd7057100a6'
System info: os.name: 'Windows 11', os.arch: 'amd64', os.version: '10.0', java.version: '1.8.0_362'
Driver info: org.openqa.selenium.chrome.ChromeDriver
Command: [7ea19acb4964d9247d0fddec1d3e267d, findElement {using=xpath, value=//h2[contains(text(),'You need a visa to work in health and care')]}]
Capabilities {acceptInsecureCerts: false, browserName: chrome, browserVersion: 113.0.5672.93, chrome: {chromedriverVersion: 113.0.5672.63 (0e1a4471d5ae..., userDataDir: C:\Users\patel\AppData\Loca...}, goog:chromeOptions: {debuggerAddress: localhost:60180}, networkConnectionEnabled: false, pageLoadStrategy: normal, platformName: WINDOWS, proxy: Proxy(), se:cdp: ws://localhost:60180/devtoo..., se:cdpVersion: 113.0.5672.93, setWindowRect: true, strictFileInteractability: false, timeouts: {implicit: 0, pageLoad: 300000, script: 30000}, unhandledPromptBehavior: dismiss and notify, webauthn:extension:credBlob: true, webauthn:extension:largeBlob: true, webauthn:extension:minPinLength: true, webauthn:extension:prf: true, webauthn:virtualAuthenticators: true}
Session ID: 7ea19acb4964d9247d0fddec1d3e267d]]>
            </message>
            <full-stacktrace>
              <![CDATA[org.openqa.selenium.NoSuchElementException: no such element: Unable to locate element: {"method":"xpath","selector":"//h2[contains(text(),'You need a visa to work in health and care')]"}
  (Session info: chrome=113.0.5672.93)
For documentation on this error, please visit: https://selenium.dev/exceptions/#no_such_element
Build info: version: '4.9.0', revision: 'd7057100a6'
System info: os.name: 'Windows 11', os.arch: 'amd64', os.version: '10.0', java.version: '1.8.0_362'
Driver info: org.openqa.selenium.chrome.ChromeDriver
Command: [7ea19acb4964d9247d0fddec1d3e267d, findElement {using=xpath, value=//h2[contains(text(),'You need a visa to work in health and care')]}]
Capabilities {acceptInsecureCerts: false, browserName: chrome, browserVersion: 113.0.5672.93, chrome: {chromedriverVersion: 113.0.5672.63 (0e1a4471d5ae..., userDataDir: C:\Users\patel\AppData\Loca...}, goog:chromeOptions: {debuggerAddress: localhost:60180}, networkConnectionEnabled: false, pageLoadStrategy: normal, platformName: WINDOWS, proxy: Proxy(), se:cdp: ws://localhost:60180/devtoo..., se:cdpVersion: 113.0.5672.93, setWindowRect: true, strictFileInteractability: false, timeouts: {implicit: 0, pageLoad: 300000, script: 30000}, unhandledPromptBehavior: dismiss and notify, webauthn:extension:credBlob: true, webauthn:extension:largeBlob: true, webauthn:extension:minPinLength: true, webauthn:extension:prf: true, webauthn:virtualAuthenticators: true}
Session ID: 7ea19acb4964d9247d0fddec1d3e267d
at sun.reflect.NativeConstructorAccessorImpl.newInstance0(Native Method)
at sun.reflect.NativeConstructorAccessorImpl.newInstance(NativeConstructorAccessorImpl.java:62)
at sun.reflect.DelegatingConstructorAccessorImpl.newInstance(DelegatingConstructorAccessorImpl.java:45)
at java.lang.reflect.Constructor.newInstance(Constructor.java:423)
at org.openqa.selenium.remote.codec.w3c.W3CHttpResponseCodec.createException(W3CHttpResponseCodec.java:200)
at org.openqa.selenium.remote.codec.w3c.W3CHttpResponseCodec.decode(W3CHttpResponseCodec.java:133)
at org.openqa.selenium.remote.codec.w3c.W3CHttpResponseCodec.decode(W3CHttpResponseCodec.java:53)
at org.openqa.selenium.remote.HttpCommandExecutor.execute(HttpCommandExecutor.java:193)
at org.openqa.selenium.remote.service.DriverCommandExecutor.invokeExecute(DriverCommandExecutor.java:183)
at org.openqa.selenium.remote.service.DriverCommandExecutor.execute(DriverCommandExecutor.java:158)
at org.openqa.selenium.remote.RemoteWebDriver.execute(RemoteWebDriver.java:543)
at org.openqa.selenium.remote.ElementLocation$ElementFinder$2.findElement(ElementLocation.java:162)
at org.openqa.selenium.remote.ElementLocation.findElement(ElementLocation.java:60)
at org.openqa.selenium.remote.RemoteWebDriver.findElement(RemoteWebDriver.java:352)
at org.openqa.selenium.remote.RemoteWebDriver.findElement(RemoteWebDriver.java:344)
at org.openqa.selenium.support.pagefactory.DefaultElementLocator.findElement(DefaultElementLocator.java:70)
at org.openqa.selenium.support.pagefactory.internal.LocatingElementHandler.invoke(LocatingElementHandler.java:39)
at com.sun.proxy.$Proxy15.getText(Unknown Source)
at gov.uk.visa.check.utility.Utility.getTextFromElement(Utility.java:65)
at gov.uk.visa.check.pages.ResultPage.confirmResultMessage(ResultPage.java:29)
at gov.uk.visa.check.testsuite.VisaConfirlmationTest.aColumbianNationalComingToTheUKToJoinAPartnerForALongStayTheyDoHaveAnArticle10Or20Card(VisaConfirlmationTest.java:77)
at sun.reflect.NativeMethodAccessorImpl.invoke0(Native Method)
at sun.reflect.NativeMethodAccessorImpl.invoke(NativeMethodAccessorImpl.java:62)
at sun.reflect.DelegatingMethodAccessorImpl.invoke(DelegatingMethodAccessorImpl.java:43)
at java.lang.reflect.Method.invoke(Method.java:498)
at org.testng.internal.invokers.MethodInvocationHelper.invokeMethod(MethodInvocationHelper.java:135)
at org.testng.internal.invokers.TestInvoker.invokeMethod(TestInvoker.java:673)
at org.testng.internal.invokers.TestInvoker.invokeTestMethod(TestInvoker.java:220)
at org.testng.internal.invokers.MethodRunner.runInSequence(MethodRunner.java:50)
at org.testng.internal.invokers.TestInvoker$MethodInvocationAgent.invoke(TestInvoker.java:945)
at org.testng.internal.invokers.TestInvoker.invokeTestMethods(TestInvoker.java:193)
at org.testng.internal.invokers.TestMethodWorker.invokeTestMethods(TestMethodWorker.java:146)
at org.testng.internal.invokers.TestMethodWorker.run(TestMethodWorker.java:128)
at java.util.ArrayList.forEach(ArrayList.java:1259)
at org.testng.TestRunner.privateRun(TestRunner.java:808)
at org.testng.TestRunner.run(TestRunner.java:603)
at org.testng.SuiteRunner.runTest(SuiteRunner.java:429)
at org.testng.SuiteRunner.runSequentially(SuiteRunner.java:423)
at org.testng.SuiteRunner.privateRun(SuiteRunner.java:383)
at org.testng.SuiteRunner.run(SuiteRunner.java:326)
at org.testng.SuiteRunnerWorker.runSuite(SuiteRunnerWorker.java:52)
at org.testng.SuiteRunnerWorker.run(SuiteRunnerWorker.java:95)
at org.testng.TestNG.runSuitesSequentially(TestNG.java:1249)
at org.testng.TestNG.runSuitesLocally(TestNG.java:1169)
at org.testng.TestNG.runSuites(TestNG.java:1092)
at org.testng.TestNG.run(TestNG.java:1060)
at org.apache.maven.surefire.testng.TestNGExecutor.run(TestNGExecutor.java:77)
at org.apache.maven.surefire.testng.TestNGDirectoryTestSuite.executeMulti(TestNGDirectoryTestSuite.java:159)
at org.apache.maven.surefire.testng.TestNGDirectoryTestSuite.execute(TestNGDirectoryTestSuite.java:99)
at org.apache.maven.surefire.testng.TestNGProvider.invoke(TestNGProvider.java:106)
at sun.reflect.NativeMethodAccessorImpl.invoke0(Native Method)
at sun.reflect.NativeMethodAccessorImpl.invoke(NativeMethodAccessorImpl.java:62)
at sun.reflect.DelegatingMethodAccessorImpl.invoke(DelegatingMethodAccessorImpl.java:43)
at java.lang.reflect.Method.invoke(Method.java:498)
at org.apache.maven.surefire.util.ReflectionUtils.invokeMethodWithArray(ReflectionUtils.java:189)
at org.apache.maven.surefire.booter.ProviderFactory$ProviderProxy.invoke(ProviderFactory.java:165)
at org.apache.maven.surefire.booter.ProviderFactory.invokeProvider(ProviderFactory.java:85)
at org.apache.maven.surefire.booter.ForkedBooter.runSuitesInProcess(ForkedBooter.java:115)
at org.apache.maven.surefire.booter.ForkedBooter.main(ForkedBooter.java:75)
]]>
            </full-stacktrace>
          </exception> <!-- org.openqa.selenium.NoSuchElementException -->
          <reporter-output>
            <line>
              <![CDATA[Click on[[ChromeDriver: chrome on WINDOWS (7ea19acb4964d9247d0fddec1d3e267d)] -> xpath: //a[@class='gem-c-button govuk-button govuk-button--start']]]]>
            </line>
            <line>
              <![CDATA[Accept cookies[[ChromeDriver: chrome on WINDOWS (7ea19acb4964d9247d0fddec1d3e267d)] -> xpath: //button[contains(text(),'Accept additional cookies')]]]]>
            </line>
            <line>
              <![CDATA[Select Nationality[[ChromeDriver: chrome on WINDOWS (7ea19acb4964d9247d0fddec1d3e267d)] -> xpath: //select[@name='response']]]]>
            </line>
            <line>
              <![CDATA[Click on[[ChromeDriver: chrome on WINDOWS (7ea19acb4964d9247d0fddec1d3e267d)] -> xpath: //*[@id="current-question"]/button]]]>
            </line>
            <line>
              <![CDATA[Select reason[[ChromeDriver: chrome on WINDOWS (7ea19acb4964d9247d0fddec1d3e267d)] -> xpath: //*[@id="current-question"]/div/fieldset/div/div[1]/label]]]>
            </line>
            <line>
              <![CDATA[Click on[[ChromeDriver: chrome on WINDOWS (7ea19acb4964d9247d0fddec1d3e267d)] -> xpath: //button[@class='gem-c-button govuk-button gem-c-button--bottom-margin']]]]>
            </line>
          </reporter-output>
        </test-method> <!-- aColumbianNationalComingToTheUKToJoinAPartnerForALongStayTheyDoHaveAnArticle10Or20Card -->
        <test-method status="PASS" signature="tearDown()[pri:0, instance:gov.uk.visa.check.testsuite.VisaConfirlmationTest@3d921e20]" name="tearDown" is-config="true" duration-ms="679" started-at="2023-05-11T19:15:11 BST" finished-at="2023-05-11T19:15:12 BST">
          <reporter-output>
          </reporter-output>
        </test-method> <!-- tearDown -->
        <test-method status="PASS" signature="setUp()[pri:0, instance:gov.uk.visa.check.testsuite.VisaConfirlmationTest@3d921e20]" name="setUp" is-config="true" duration-ms="2587" started-at="2023-05-11T19:15:12 BST" finished-at="2023-05-11T19:15:15 BST">
          <reporter-output>
          </reporter-output>
        </test-method> <!-- setUp -->
        <test-method status="PASS" signature="inIT()[pri:0, instance:gov.uk.visa.check.testsuite.VisaConfirlmationTest@3d921e20]" name="inIT" is-config="true" duration-ms="1" started-at="2023-05-11T19:15:15 BST" finished-at="2023-05-11T19:15:15 BST">
          <reporter-output>
          </reporter-output>
        </test-method> <!-- inIT -->
        <test-method status="PASS" signature="anAustralianComingToUkForTourism()[pri:0, instance:gov.uk.visa.check.testsuite.VisaConfirlmationTest@3d921e20]" name="anAustralianComingToUkForTourism" duration-ms="7135" started-at="2023-05-11T19:15:15 BST" finished-at="2023-05-11T19:15:22 BST">
          <reporter-output>
            <line>
              <![CDATA[Click on[[ChromeDriver: chrome on WINDOWS (383c31dccf90e51fbad4995cfac7389e)] -> xpath: //a[@class='gem-c-button govuk-button govuk-button--start']]]]>
            </line>
            <line>
              <![CDATA[Accept cookies[[ChromeDriver: chrome on WINDOWS (383c31dccf90e51fbad4995cfac7389e)] -> xpath: //button[contains(text(),'Accept additional cookies')]]]]>
            </line>
            <line>
              <![CDATA[Select Nationality[[ChromeDriver: chrome on WINDOWS (383c31dccf90e51fbad4995cfac7389e)] -> xpath: //select[@name='response']]]]>
            </line>
            <line>
              <![CDATA[Click on[[ChromeDriver: chrome on WINDOWS (383c31dccf90e51fbad4995cfac7389e)] -> xpath: //*[@id="current-question"]/button]]]>
            </line>
            <line>
              <![CDATA[Select reason[[ChromeDriver: chrome on WINDOWS (383c31dccf90e51fbad4995cfac7389e)] -> xpath: //*[@id="current-question"]/div/fieldset/div/div[1]/label]]]>
            </line>
            <line>
              <![CDATA[Click on[[ChromeDriver: chrome on WINDOWS (383c31dccf90e51fbad4995cfac7389e)] -> xpath: //button[@class='gem-c-button govuk-button gem-c-button--bottom-margin']]]]>
            </line>
            <line>
              <![CDATA[Verify text[[ChromeDriver: chrome on WINDOWS (383c31dccf90e51fbad4995cfac7389e)] -> xpath: //h2[@class='gem-c-heading gem-c-heading--font-size-27 govuk-!-margin-bottom-6']]]]>
            </line>
          </reporter-output>
        </test-method> <!-- anAustralianComingToUkForTourism -->
        <test-method status="PASS" signature="tearDown()[pri:0, instance:gov.uk.visa.check.testsuite.VisaConfirlmationTest@3d921e20]" name="tearDown" is-config="true" duration-ms="673" started-at="2023-05-11T19:15:22 BST" finished-at="2023-05-11T19:15:22 BST">
          <reporter-output>
          </reporter-output>
        </test-method> <!-- tearDown -->
      </class> <!-- gov.uk.visa.check.testsuite.VisaConfirlmationTest -->
    </test> <!-- Command line test -->
  </suite> <!-- Command line suite -->
</testng-results>
